<?xml version="1.0" encoding="UTF-8"?>
<testsuite classname="behat.features" errors="0" failures="0" name="Sonar Rest Api, GET method using the UUID" file="/home/nano/Documents/Olapic_Sonar/features/Sonar_Rest_API_GET_method_with_UUID.feature" tests="16" time="0.603097">
    <testcase classname="Sonar Rest Api, GET method using the UUID" name="Getting Sonar Object using the UUID, Sunny Day scenario" time="0.602771">
    </testcase>
</testsuite>
