<?xml version="1.0" encoding="UTF-8"?>
<testsuite classname="behat.features" errors="0" failures="0" name="Sonar Rest Api, GET method" file="/home/nano/Documents/Olapic_Sonar/features/Sonar_Rest_API_DELETE_method.feature" tests="13" time="1.073314">
    <testcase classname="Sonar Rest Api, GET method" name="Deletting Sonar Object, Sunny Day scenario" time="1.072272">
    </testcase>
</testsuite>
