<?xml version="1.0" encoding="UTF-8"?>
<testsuite classname="behat.features" errors="0" failures="2" name="Sonar Rest Api, GET method using the UUID" file="/home/nano/Documents/Olapic_Sonar/features/03-Sonar_Rest_API_GET_method_with_UUID.feature" tests="85" time="25.349217">
    <testcase classname="Sonar Rest Api, GET method using the UUID" name="Getting Sonar Object using the UUID, Sunny Day scenario, facebook" time="3.803591">
    </testcase>
    <testcase classname="Sonar Rest Api, GET method using the UUID" name="Getting Sonar Object using the UUID, Sunny Day scenario, foursquare" time="6.889361">
    </testcase>
    <testcase classname="Sonar Rest Api, GET method using the UUID" name="Getting Sonar Object using the UUID, Empty UUID" time="0.233077">
    </testcase>
    <testcase classname="Sonar Rest Api, GET method using the UUID" name="Getting Sonar Object using the UUID, Ivalid UUID" time="0.203869">
    </testcase>
    <testcase classname="Sonar Rest Api, GET method using the UUID" name="Getting Sonar Object using the UUID, Non-Existent UUID" time="0.206076">
    </testcase>
    <testcase classname="Sonar Rest Api, GET method using the UUID" name="Getting Sonar Object using the UUID, Deleted Object, facebook" time="6.975486">
        <failure message="HTTP code does not match 404 (actual: 200)" type="failed"><![CDATA[
exception 'Exception' with message 'HTTP code does not match 404 (actual: 200)' in /home/nano/Documents/Olapic_Sonar/features/bootstrap/RestContext.php:203
Stack trace:
#0 [internal function]: RestContext->theResponseStatusCodeShouldBe('404')
#1 /home/nano/Documents/Olapic_Sonar/vendor/behat/behat/src/Behat/Behat/Definition/Annotation/Definition.php(155): call_user_func_array(Array, Array)
#2 /home/nano/Documents/Olapic_Sonar/vendor/behat/behat/src/Behat/Behat/Tester/StepTester.php(157): Behat\Behat\Definition\Annotation\Definition->run(Object(FeatureContext))
#3 /home/nano/Documents/Olapic_Sonar/vendor/behat/behat/src/Behat/Behat/Tester/StepTester.php(126): Behat\Behat\Tester\StepTester->executeStepDefinition(Object(Behat\Gherkin\Node\StepNode), Object(Behat\Behat\Definition\Annotation\Then))
#4 /home/nano/Documents/Olapic_Sonar/vendor/behat/behat/src/Behat/Behat/Tester/StepTester.php(95): Behat\Behat\Tester\StepTester->executeStep(Object(Behat\Gherkin\Node\StepNode))
#5 /home/nano/Documents/Olapic_Sonar/vendor/behat/gherkin/src/Behat/Gherkin/Node/AbstractNode.php(42): Behat\Behat\Tester\StepTester->visit(Object(Behat\Gherkin\Node\StepNode))
#6 /home/nano/Documents/Olapic_Sonar/vendor/behat/behat/src/Behat/Behat/Tester/ScenarioTester.php(148): Behat\Gherkin\Node\AbstractNode->accept(Object(Behat\Behat\Tester\StepTester))
#7 /home/nano/Documents/Olapic_Sonar/vendor/behat/behat/src/Behat/Behat/Tester/ScenarioTester.php(87): Behat\Behat\Tester\ScenarioTester->visitStep(Object(Behat\Gherkin\Node\StepNode), Object(Behat\Gherkin\Node\ScenarioNode), Object(FeatureContext), Array, false)
#8 /home/nano/Documents/Olapic_Sonar/vendor/behat/gherkin/src/Behat/Gherkin/Node/AbstractNode.php(42): Behat\Behat\Tester\ScenarioTester->visit(Object(Behat\Gherkin\Node\ScenarioNode))
#9 /home/nano/Documents/Olapic_Sonar/vendor/behat/behat/src/Behat/Behat/Tester/FeatureTester.php(88): Behat\Gherkin\Node\AbstractNode->accept(Object(Behat\Behat\Tester\ScenarioTester))
#10 /home/nano/Documents/Olapic_Sonar/vendor/behat/gherkin/src/Behat/Gherkin/Node/AbstractNode.php(42): Behat\Behat\Tester\FeatureTester->visit(Object(Behat\Gherkin\Node\FeatureNode))
#11 /home/nano/Documents/Olapic_Sonar/vendor/behat/behat/src/Behat/Behat/Console/Command/BehatCommand.php(150): Behat\Gherkin\Node\AbstractNode->accept(Object(Behat\Behat\Tester\FeatureTester))
#12 /home/nano/Documents/Olapic_Sonar/vendor/behat/behat/src/Behat/Behat/Console/Command/BehatCommand.php(128): Behat\Behat\Console\Command\BehatCommand->runFeatures(Object(Behat\Gherkin\Gherkin))
#13 /home/nano/Documents/Olapic_Sonar/vendor/symfony/console/Symfony/Component/Console/Command/Command.php(253): Behat\Behat\Console\Command\BehatCommand->execute(Object(Symfony\Component\Console\Input\ArgvInput), Object(Symfony\Component\Console\Output\ConsoleOutput))
#14 /home/nano/Documents/Olapic_Sonar/vendor/symfony/console/Symfony/Component/Console/Application.php(878): Symfony\Component\Console\Command\Command->run(Object(Symfony\Component\Console\Input\ArgvInput), Object(Symfony\Component\Console\Output\ConsoleOutput))
#15 /home/nano/Documents/Olapic_Sonar/vendor/symfony/console/Symfony/Component/Console/Application.php(195): Symfony\Component\Console\Application->doRunCommand(Object(Behat\Behat\Console\Command\BehatCommand), Object(Symfony\Component\Console\Input\ArgvInput), Object(Symfony\Component\Console\Output\ConsoleOutput))
#16 /home/nano/Documents/Olapic_Sonar/vendor/behat/behat/src/Behat/Behat/Console/BehatApplication.php(68): Symfony\Component\Console\Application->doRun(Object(Symfony\Component\Console\Input\ArgvInput), Object(Symfony\Component\Console\Output\ConsoleOutput))
#17 /home/nano/Documents/Olapic_Sonar/vendor/symfony/console/Symfony/Component/Console/Application.php(126): Behat\Behat\Console\BehatApplication->doRun(Object(Symfony\Component\Console\Input\ArgvInput), Object(Symfony\Component\Console\Output\ConsoleOutput))
#18 /home/nano/Documents/Olapic_Sonar/vendor/behat/behat/bin/behat(32): Symfony\Component\Console\Application->run()
#19 {main}
]]></failure>
    </testcase>
    <testcase classname="Sonar Rest Api, GET method using the UUID" name="Getting Sonar Object using the UUID, Deleted Object, foursquare" time="7.035670">
        <failure message="HTTP code does not match 404 (actual: 200)" type="failed"><![CDATA[
exception 'Exception' with message 'HTTP code does not match 404 (actual: 200)' in /home/nano/Documents/Olapic_Sonar/features/bootstrap/RestContext.php:203
Stack trace:
#0 [internal function]: RestContext->theResponseStatusCodeShouldBe('404')
#1 /home/nano/Documents/Olapic_Sonar/vendor/behat/behat/src/Behat/Behat/Definition/Annotation/Definition.php(155): call_user_func_array(Array, Array)
#2 /home/nano/Documents/Olapic_Sonar/vendor/behat/behat/src/Behat/Behat/Tester/StepTester.php(157): Behat\Behat\Definition\Annotation\Definition->run(Object(FeatureContext))
#3 /home/nano/Documents/Olapic_Sonar/vendor/behat/behat/src/Behat/Behat/Tester/StepTester.php(126): Behat\Behat\Tester\StepTester->executeStepDefinition(Object(Behat\Gherkin\Node\StepNode), Object(Behat\Behat\Definition\Annotation\Then))
#4 /home/nano/Documents/Olapic_Sonar/vendor/behat/behat/src/Behat/Behat/Tester/StepTester.php(95): Behat\Behat\Tester\StepTester->executeStep(Object(Behat\Gherkin\Node\StepNode))
#5 /home/nano/Documents/Olapic_Sonar/vendor/behat/gherkin/src/Behat/Gherkin/Node/AbstractNode.php(42): Behat\Behat\Tester\StepTester->visit(Object(Behat\Gherkin\Node\StepNode))
#6 /home/nano/Documents/Olapic_Sonar/vendor/behat/behat/src/Behat/Behat/Tester/ScenarioTester.php(148): Behat\Gherkin\Node\AbstractNode->accept(Object(Behat\Behat\Tester\StepTester))
#7 /home/nano/Documents/Olapic_Sonar/vendor/behat/behat/src/Behat/Behat/Tester/ScenarioTester.php(87): Behat\Behat\Tester\ScenarioTester->visitStep(Object(Behat\Gherkin\Node\StepNode), Object(Behat\Gherkin\Node\ScenarioNode), Object(FeatureContext), Array, false)
#8 /home/nano/Documents/Olapic_Sonar/vendor/behat/gherkin/src/Behat/Gherkin/Node/AbstractNode.php(42): Behat\Behat\Tester\ScenarioTester->visit(Object(Behat\Gherkin\Node\ScenarioNode))
#9 /home/nano/Documents/Olapic_Sonar/vendor/behat/behat/src/Behat/Behat/Tester/FeatureTester.php(88): Behat\Gherkin\Node\AbstractNode->accept(Object(Behat\Behat\Tester\ScenarioTester))
#10 /home/nano/Documents/Olapic_Sonar/vendor/behat/gherkin/src/Behat/Gherkin/Node/AbstractNode.php(42): Behat\Behat\Tester\FeatureTester->visit(Object(Behat\Gherkin\Node\FeatureNode))
#11 /home/nano/Documents/Olapic_Sonar/vendor/behat/behat/src/Behat/Behat/Console/Command/BehatCommand.php(150): Behat\Gherkin\Node\AbstractNode->accept(Object(Behat\Behat\Tester\FeatureTester))
#12 /home/nano/Documents/Olapic_Sonar/vendor/behat/behat/src/Behat/Behat/Console/Command/BehatCommand.php(128): Behat\Behat\Console\Command\BehatCommand->runFeatures(Object(Behat\Gherkin\Gherkin))
#13 /home/nano/Documents/Olapic_Sonar/vendor/symfony/console/Symfony/Component/Console/Command/Command.php(253): Behat\Behat\Console\Command\BehatCommand->execute(Object(Symfony\Component\Console\Input\ArgvInput), Object(Symfony\Component\Console\Output\ConsoleOutput))
#14 /home/nano/Documents/Olapic_Sonar/vendor/symfony/console/Symfony/Component/Console/Application.php(878): Symfony\Component\Console\Command\Command->run(Object(Symfony\Component\Console\Input\ArgvInput), Object(Symfony\Component\Console\Output\ConsoleOutput))
#15 /home/nano/Documents/Olapic_Sonar/vendor/symfony/console/Symfony/Component/Console/Application.php(195): Symfony\Component\Console\Application->doRunCommand(Object(Behat\Behat\Console\Command\BehatCommand), Object(Symfony\Component\Console\Input\ArgvInput), Object(Symfony\Component\Console\Output\ConsoleOutput))
#16 /home/nano/Documents/Olapic_Sonar/vendor/behat/behat/src/Behat/Behat/Console/BehatApplication.php(68): Symfony\Component\Console\Application->doRun(Object(Symfony\Component\Console\Input\ArgvInput), Object(Symfony\Component\Console\Output\ConsoleOutput))
#17 /home/nano/Documents/Olapic_Sonar/vendor/symfony/console/Symfony/Component/Console/Application.php(126): Behat\Behat\Console\BehatApplication->doRun(Object(Symfony\Component\Console\Input\ArgvInput), Object(Symfony\Component\Console\Output\ConsoleOutput))
#18 /home/nano/Documents/Olapic_Sonar/vendor/behat/behat/bin/behat(32): Symfony\Component\Console\Application->run()
#19 {main}
]]></failure>
    </testcase>
</testsuite>
